TN:
SF:/Users/ldaubie/red_tetris/src/client/actions/action.js
FN:1,addUser
FN:8,shareWinner
FN:16,loose
FN:24,restartGame
FN:30,joinGame
FN:38,inGame
FN:44,getAllRooms
FN:50,getEndLine
FN:59,sendMalus
FN:66,createTableX
FN:76,createTableY
FN:86,disconnected
FN:94,getCurrentPiece
FN:101,createGame
FN:109,getMorePiece
FN:116,getNextPiece
FN:123,move
FN:130,startGameServer
FN:137,initOtherTab
FN:146,initOtherTabForVisitor
FN:154,upScore
FNF:21
FNH:21
FNDA:1,addUser
FNDA:1,shareWinner
FNDA:2,loose
FNDA:1,restartGame
FNDA:2,joinGame
FNDA:1,inGame
FNDA:1,getAllRooms
FNDA:1,getEndLine
FNDA:1,sendMalus
FNDA:1,createTableX
FNDA:1,createTableY
FNDA:3,disconnected
FNDA:2,getCurrentPiece
FNDA:2,createGame
FNDA:3,getMorePiece
FNDA:1,getNextPiece
FNDA:1,move
FNDA:2,startGameServer
FNDA:1,initOtherTab
FNDA:1,initOtherTabForVisitor
FNDA:3,upScore
LF:0
LH:0
BRDA:94,1,0,2
BRDA:94,1,1,0
BRDA:94,2,0,2
BRDA:94,2,1,2
BRF:4
BRH:3
end_of_record
TN:
SF:/Users/ldaubie/red_tetris/src/client/components/App.js
FN:7,App
FNF:1
FNH:0
FNDA:0,App
LF:0
LH:0
BRF:0
BRH:0
end_of_record
TN:
SF:/Users/ldaubie/red_tetris/src/client/components/Buttons.js
FN:8,Button
FN:11,(anonymous_3)
FN:33,(anonymous_5)
FN:36,(anonymous_7)
FN:45,(anonymous_8)
FN:50,(anonymous_9)
FN:121,componentWillMount
FN:132,shouldComponentUpdate
FNF:8
FNH:0
FNDA:0,Button
FNDA:0,(anonymous_3)
FNDA:0,(anonymous_5)
FNDA:0,(anonymous_7)
FNDA:0,(anonymous_8)
FNDA:0,(anonymous_9)
FNDA:0,componentWillMount
FNDA:0,shouldComponentUpdate
DA:12,0
DA:40,0
DA:41,0
DA:46,0
DA:51,0
DA:53,0
DA:56,0
DA:58,0
DA:66,0
DA:72,0
DA:75,0
DA:86,0
DA:123,0
DA:125,0
DA:127,0
DA:133,0
DA:135,0
DA:138,0
DA:141,0
DA:144,0
DA:147,0
LF:21
LH:0
BRDA:12,1,0,0
BRDA:12,1,1,0
BRDA:13,2,0,0
BRDA:13,2,1,0
BRDA:15,3,0,0
BRDA:15,3,1,0
BRDA:15,3,2,0
BRDA:15,3,3,0
BRDA:15,3,4,0
BRDA:40,4,0,0
BRDA:40,4,1,0
BRDA:40,5,0,0
BRDA:40,5,1,0
BRDA:46,6,0,0
BRDA:46,6,1,0
BRDA:51,7,0,0
BRDA:51,7,1,0
BRDA:53,8,0,0
BRDA:53,8,1,0
BRDA:56,9,0,0
BRDA:56,9,1,0
BRDA:56,10,0,0
BRDA:56,10,1,0
BRDA:58,11,0,0
BRDA:58,11,1,0
BRDA:58,12,0,0
BRDA:58,12,1,0
BRDA:66,13,0,0
BRDA:66,13,1,0
BRDA:72,14,0,0
BRDA:72,14,1,0
BRDA:75,15,0,0
BRDA:75,15,1,0
BRDA:86,16,0,0
BRDA:86,16,1,0
BRDA:123,17,0,0
BRDA:123,17,1,0
BRDA:125,18,0,0
BRDA:125,18,1,0
BRDA:125,19,0,0
BRDA:125,19,1,0
BRDA:127,20,0,0
BRDA:127,20,1,0
BRDA:127,21,0,0
BRDA:127,21,1,0
BRDA:133,22,0,0
BRDA:133,22,1,0
BRDA:133,23,0,0
BRDA:133,23,1,0
BRDA:133,23,2,0
BRDA:135,24,0,0
BRDA:135,24,1,0
BRDA:135,25,0,0
BRDA:135,25,1,0
BRDA:135,25,2,0
BRDA:138,26,0,0
BRDA:138,26,1,0
BRDA:138,27,0,0
BRDA:138,27,1,0
BRDA:141,28,0,0
BRDA:141,28,1,0
BRDA:144,29,0,0
BRDA:144,29,1,0
BRDA:144,30,0,0
BRDA:144,30,1,0
BRDA:147,31,0,0
BRDA:147,31,1,0
BRDA:147,32,0,0
BRDA:147,32,1,0
BRDA:147,32,2,0
BRDA:147,32,3,0
BRF:71
BRH:0
end_of_record
TN:
SF:/Users/ldaubie/red_tetris/src/client/components/Cell.js
FN:4,Cell
FN:10,(anonymous_3)
FNF:2
FNH:2
FNDA:3,Cell
FNDA:12,(anonymous_3)
DA:8,3
DA:9,3
DA:11,12
DA:47,3
DA:48,12
DA:52,3
DA:54,2
LF:7
LH:7
BRDA:8,1,0,3
BRDA:8,1,1,0
BRDA:9,2,0,3
BRDA:9,2,1,0
BRDA:11,3,0,1
BRDA:11,3,1,11
BRDA:11,4,0,12
BRDA:11,4,1,2
BRDA:20,5,0,1
BRDA:20,5,1,1
BRDA:20,5,2,1
BRDA:20,5,3,0
BRDA:20,5,4,0
BRDA:20,5,5,0
BRDA:20,5,6,0
BRDA:20,5,7,0
BRDA:20,5,8,0
BRDA:48,6,0,1
BRDA:48,6,1,11
BRDA:48,7,0,12
BRDA:48,7,1,1
BRDA:52,8,0,1
BRDA:52,8,1,2
BRDA:54,9,0,1
BRDA:54,9,1,1
BRF:25
BRH:17
end_of_record
TN:
SF:/Users/ldaubie/red_tetris/src/client/components/OtherPlayerBoard.js
FN:4,OtherPlayerBoard
FNF:1
FNH:1
FNDA:2,OtherPlayerBoard
DA:6,2
DA:7,1
DA:8,1
DA:9,1
LF:4
LH:4
BRDA:6,1,0,1
BRDA:6,1,1,1
BRDA:8,2,0,1
BRDA:8,2,1,0
BRF:4
BRH:3
end_of_record
TN:
SF:/Users/ldaubie/red_tetris/src/client/components/OtherPlayerCell.js
FN:3,OtherPlayerCell
FNF:1
FNH:1
FNDA:2,OtherPlayerCell
DA:7,2
DA:8,1
DA:12,2
LF:3
LH:3
BRDA:8,1,0,1
BRDA:8,1,1,0
BRDA:8,2,0,1
BRDA:8,2,1,1
BRDA:12,3,0,1
BRDA:12,3,1,1
BRF:6
BRH:5
end_of_record
TN:
SF:/Users/ldaubie/red_tetris/src/client/components/OtherTable.js
FN:3,OtherTable
FNF:1
FNH:1
FNDA:1,OtherTable
DA:7,1
DA:10,1
LF:2
LH:2
BRF:0
BRH:0
end_of_record
TN:
SF:/Users/ldaubie/red_tetris/src/client/containers/ButtonContainer.js
FN:17,mapStateToProps
FN:37,mapDispatchToProps
FN:39,joinGame
FN:56,startMove
FN:60,(anonymous_6)
FN:67,(anonymous_7)
FN:88,startMove_2
FN:93,KeyDown
FN:103,SpaceDown
FN:115,createPiece
FN:121,shareEndLine
FN:128,disconnected
FN:134,getUserInGame
FN:139,initOtherTab
FN:147,restartGame
FN:151,refreshInterval
FNF:16
FNH:0
FNDA:0,mapStateToProps
FNDA:0,mapDispatchToProps
FNDA:0,joinGame
FNDA:0,startMove
FNDA:0,(anonymous_6)
FNDA:0,(anonymous_7)
FNDA:0,startMove_2
FNDA:0,KeyDown
FNDA:0,SpaceDown
FNDA:0,createPiece
FNDA:0,shareEndLine
FNDA:0,disconnected
FNDA:0,getUserInGame
FNDA:0,initOtherTab
FNDA:0,restartGame
FNDA:0,refreshInterval
DA:42,0
DA:46,0
DA:47,0
DA:51,0
DA:66,0
DA:75,0
DA:96,0
DA:98,0
LF:8
LH:0
BRDA:46,1,0,0
BRDA:46,1,1,0
BRDA:66,2,0,0
BRDA:66,2,1,0
BRDA:75,3,0,0
BRDA:75,3,1,0
BRDA:96,4,0,0
BRDA:96,4,1,0
BRDA:98,5,0,0
BRDA:98,5,1,0
BRF:10
BRH:0
end_of_record
TN:
SF:/Users/ldaubie/red_tetris/src/client/containers/OtherTabContainer.js
FN:6,mapStateToProps
FN:14,mapDispatchToProps
FNF:2
FNH:0
FNDA:0,mapStateToProps
FNDA:0,mapDispatchToProps
LF:0
LH:0
BRF:0
BRH:0
end_of_record
TN:
SF:/Users/ldaubie/red_tetris/src/client/index.js
FNF:0
FNH:0
LF:0
LH:0
BRDA:14,1,0,0
BRDA:14,1,1,0
BRF:2
BRH:0
end_of_record
TN:
SF:/Users/ldaubie/red_tetris/src/client/middleware/socketMiddleware.js
FN:2,(anonymous_2)
FN:7,(anonymous_4)
FNF:2
FNH:2
FNDA:8,(anonymous_2)
FNDA:91,(anonymous_4)
DA:3,8
DA:8,91
LF:2
LH:2
BRDA:3,1,0,8
BRDA:3,1,1,0
BRDA:8,2,0,8
BRDA:8,2,1,83
BRDA:8,3,0,91
BRDA:8,3,1,91
BRDA:8,3,2,91
BRF:7
BRH:6
end_of_record
TN:
SF:/Users/ldaubie/red_tetris/src/client/reducers/Action.js
FNF:0
FNH:0
LF:0
LH:0
BRF:0
BRH:0
end_of_record
TN:
SF:/Users/ldaubie/red_tetris/src/client/reducers/ButtonReducer.js
FN:33,(anonymous_1)
FN:61,(anonymous_16)
FN:62,(anonymous_17)
FN:65,(anonymous_18)
FN:67,(anonymous_19)
FNF:5
FNH:4
FNDA:116,(anonymous_1)
FNDA:1,(anonymous_16)
FNDA:0,(anonymous_17)
FNDA:1,(anonymous_18)
FNDA:1,(anonymous_19)
LF:0
LH:0
BRDA:33,1,0,106
BRDA:33,1,1,10
BRDA:33,2,0,116
BRDA:33,2,1,116
BRDA:37,3,0,1
BRDA:37,3,1,1
BRDA:37,3,2,7
BRDA:37,3,3,1
BRDA:37,3,4,1
BRDA:37,3,5,16
BRDA:37,3,6,9
BRDA:37,3,7,11
BRDA:37,3,8,0
BRDA:37,3,9,1
BRDA:37,3,10,8
BRDA:37,3,11,1
BRDA:37,3,12,16
BRDA:37,3,13,11
BRDA:37,3,14,7
BRDA:37,3,15,1
BRDA:37,3,16,24
BRF:21
BRH:20
end_of_record
TN:
SF:/Users/ldaubie/red_tetris/src/client/reducers/OtherTableReducer.js
FN:5,(anonymous_1)
FN:8,(anonymous_2)
FN:9,(anonymous_3)
FN:18,(anonymous_4)
FN:19,(anonymous_5)
FN:24,(anonymous_6)
FN:25,(anonymous_7)
FNF:7
FNH:7
FNDA:108,(anonymous_1)
FNDA:1,(anonymous_2)
FNDA:1,(anonymous_3)
FNDA:1,(anonymous_4)
FNDA:1,(anonymous_5)
FNDA:2,(anonymous_6)
FNDA:1,(anonymous_7)
DA:10,1
DA:26,1
LF:2
LH:2
BRDA:5,1,0,98
BRDA:5,1,1,10
BRDA:5,2,0,108
BRDA:5,2,1,108
BRDA:7,3,0,1
BRDA:7,3,1,1
BRDA:7,3,2,2
BRDA:7,3,3,6
BRDA:7,3,4,1
BRDA:7,3,5,97
BRDA:10,4,0,1
BRDA:10,4,1,0
BRDA:26,5,0,0
BRDA:26,5,1,1
BRF:14
BRH:12
end_of_record
TN:
SF:/Users/ldaubie/red_tetris/src/client/styles.js
FNF:0
FNH:0
LF:0
LH:0
BRF:0
BRH:0
end_of_record
TN:
SF:/Users/ldaubie/red_tetris/src/client/utils.js
FN:3,getLowerCoord
FN:6,(anonymous_2)
FN:14,getLowerDist
FN:16,(anonymous_4)
FN:27,getMoove
FN:32,(anonymous_6)
FN:38,(anonymous_7)
FN:49,(anonymous_8)
FN:58,calculDown
FN:63,(anonymous_10)
FN:69,(anonymous_11)
FN:78,isLoose
FN:81,(anonymous_13)
FN:93,getNewEndLine
FN:97,(anonymous_16)
FN:108,(anonymous_17)
FN:111,(anonymous_18)
FN:122,getSideBlock
FN:124,(anonymous_20)
FN:138,getDecale
FN:178,calculeRotate
FN:202,isPossible
FN:211,(anonymous_24)
FN:212,(anonymous_25)
FN:221,(anonymous_26)
FN:222,(anonymous_27)
FN:233,(anonymous_28)
FN:243,getNewPiece
FNF:28
FNH:26
FNDA:2,getLowerCoord
FNDA:8,(anonymous_2)
FNDA:5,getLowerDist
FNDA:20,(anonymous_4)
FNDA:1,getMoove
FNDA:4,(anonymous_6)
FNDA:0,(anonymous_7)
FNDA:0,(anonymous_8)
FNDA:1,calculDown
FNDA:4,(anonymous_10)
FNDA:4,(anonymous_11)
FNDA:2,isLoose
FNDA:4,(anonymous_13)
FNDA:4,getNewEndLine
FNDA:64,(anonymous_16)
FNDA:21,(anonymous_17)
FNDA:1,(anonymous_18)
FNDA:22,getSideBlock
FNDA:34,(anonymous_20)
FNDA:18,getDecale
FNDA:2,calculeRotate
FNDA:3,isPossible
FNDA:4,(anonymous_24)
FNDA:16,(anonymous_25)
FNDA:4,(anonymous_26)
FNDA:16,(anonymous_27)
FNDA:4,(anonymous_28)
FNDA:1,getNewPiece
DA:7,8
DA:17,20
DA:18,2
DA:65,4
DA:82,4
DA:86,2
DA:87,1
DA:96,4
DA:98,64
DA:101,11
DA:103,2
DA:112,1
DA:125,34
DA:127,29
DA:129,25
DA:131,23
DA:143,14
DA:146,13
DA:149,11
DA:152,9
DA:154,8
DA:156,6
DA:158,4
DA:160,2
DA:164,5
DA:167,4
DA:169,3
DA:171,2
DA:179,2
DA:183,1
DA:184,4
DA:206,3
DA:213,16
DA:215,16
DA:223,16
DA:225,16
DA:234,4
DA:236,4
DA:246,1
LF:39
LH:39
BRDA:7,1,0,2
BRDA:7,1,1,6
BRDA:17,2,0,2
BRDA:17,2,1,18
BRDA:17,3,0,20
BRDA:17,3,1,2
BRDA:18,4,0,1
BRDA:18,4,1,1
BRDA:31,5,0,1
BRDA:31,5,1,0
BRDA:31,5,2,0
BRDA:31,5,3,0
BRDA:65,6,0,0
BRDA:65,6,1,4
BRDA:82,7,0,1
BRDA:82,7,1,3
BRDA:86,8,0,1
BRDA:86,8,1,1
BRDA:98,9,0,48
BRDA:98,9,1,16
BRDA:101,10,0,2
BRDA:101,10,1,9
BRDA:103,11,0,0
BRDA:103,11,1,2
BRDA:112,12,0,1
BRDA:112,12,1,0
BRDA:125,13,0,5
BRDA:125,13,1,29
BRDA:125,14,0,34
BRDA:125,14,1,13
BRDA:127,15,0,4
BRDA:127,15,1,25
BRDA:127,16,0,29
BRDA:127,16,1,11
BRDA:129,17,0,2
BRDA:129,17,1,23
BRDA:129,18,0,25
BRDA:129,18,1,5
BRDA:129,18,2,2
BRDA:131,19,0,2
BRDA:131,19,1,21
BRDA:131,20,0,23
BRDA:131,20,1,5
BRDA:131,20,2,2
BRDA:142,21,0,14
BRDA:142,21,1,5
BRDA:143,22,0,1
BRDA:143,22,1,13
BRDA:143,23,0,14
BRDA:143,23,1,2
BRDA:146,24,0,2
BRDA:146,24,1,11
BRDA:146,25,0,13
BRDA:146,25,1,1
BRDA:146,25,2,12
BRDA:146,25,3,1
BRDA:149,26,0,2
BRDA:149,26,1,9
BRDA:149,27,0,11
BRDA:149,27,1,2
BRDA:149,27,2,10
BRDA:149,27,3,1
BRDA:152,28,0,1
BRDA:152,28,1,8
BRDA:152,29,0,9
BRDA:152,29,1,1
BRDA:154,30,0,2
BRDA:154,30,1,6
BRDA:154,31,0,8
BRDA:154,31,1,3
BRDA:154,31,2,2
BRDA:156,32,0,2
BRDA:156,32,1,4
BRDA:156,33,0,6
BRDA:156,33,1,1
BRDA:156,33,2,5
BRDA:156,33,3,1
BRDA:156,33,4,1
BRDA:158,34,0,2
BRDA:158,34,1,2
BRDA:158,35,0,4
BRDA:158,35,1,2
BRDA:158,35,2,3
BRDA:158,35,3,1
BRDA:158,35,4,1
BRDA:160,36,0,1
BRDA:160,36,1,1
BRDA:160,37,0,2
BRDA:160,37,1,1
BRDA:160,37,2,1
BRDA:164,38,0,1
BRDA:164,38,1,4
BRDA:167,39,0,1
BRDA:167,39,1,3
BRDA:169,40,0,1
BRDA:169,40,1,2
BRDA:169,41,0,3
BRDA:169,41,1,1
BRDA:171,42,0,1
BRDA:171,42,1,1
BRDA:171,43,0,2
BRDA:171,43,1,1
BRDA:179,44,0,1
BRDA:179,44,1,1
BRDA:184,45,0,3
BRDA:184,45,1,1
BRDA:206,46,0,2
BRDA:206,46,1,1
BRDA:208,47,0,1
BRDA:208,47,1,1
BRDA:213,48,0,3
BRDA:213,48,1,13
BRDA:213,49,0,16
BRDA:213,49,1,16
BRDA:213,49,2,13
BRDA:215,50,0,0
BRDA:215,50,1,16
BRDA:215,51,0,16
BRDA:215,51,1,16
BRDA:223,52,0,4
BRDA:223,52,1,12
BRDA:223,53,0,16
BRDA:223,53,1,16
BRDA:225,54,0,0
BRDA:225,54,1,16
BRDA:225,55,0,16
BRDA:225,55,1,16
BRDA:234,56,0,0
BRDA:234,56,1,4
BRDA:236,57,0,0
BRDA:236,57,1,4
BRDA:236,58,0,4
BRDA:236,58,1,4
BRDA:246,59,0,1
BRDA:246,59,1,0
BRF:135
BRH:124
end_of_record
TN:
SF:/Users/ldaubie/red_tetris/src/server/action.js
FN:5,(anonymous_1)
FN:7,(anonymous_2)
FN:12,(anonymous_3)
FN:24,(anonymous_4)
FN:40,(anonymous_5)
FN:43,(anonymous_6)
FN:60,(anonymous_7)
FN:64,(anonymous_8)
FN:67,(anonymous_9)
FN:71,(anonymous_10)
FN:75,(anonymous_11)
FN:88,(anonymous_12)
FN:96,(anonymous_13)
FN:98,(anonymous_14)
FN:108,(anonymous_15)
FN:115,(anonymous_16)
FN:129,(anonymous_17)
FN:157,(anonymous_18)
FN:164,checkIfLastLooser
FN:176,startGame
FN:186,getPlayerById
FN:189,(anonymous_22)
FN:198,startNewGame
FN:202,(anonymous_24)
FN:205,(anonymous_25)
FN:217,IsAvalable
FN:234,joinGame
FN:245,(anonymous_28)
FN:248,(anonymous_29)
FN:278,refreshGamePiece
FN:282,(anonymous_31)
FNF:31
FNH:22
FNDA:1,(anonymous_1)
FNDA:1,(anonymous_2)
FNDA:2,(anonymous_3)
FNDA:5,(anonymous_4)
FNDA:0,(anonymous_5)
FNDA:1,(anonymous_6)
FNDA:1,(anonymous_7)
FNDA:1,(anonymous_8)
FNDA:1,(anonymous_9)
FNDA:1,(anonymous_10)
FNDA:0,(anonymous_11)
FNDA:0,(anonymous_12)
FNDA:0,(anonymous_13)
FNDA:0,(anonymous_14)
FNDA:0,(anonymous_15)
FNDA:2,(anonymous_16)
FNDA:1,(anonymous_17)
FNDA:0,(anonymous_18)
FNDA:1,checkIfLastLooser
FNDA:1,startGame
FNDA:0,getPlayerById
FNDA:0,(anonymous_22)
FNDA:1,startNewGame
FNDA:5,(anonymous_24)
FNDA:1,(anonymous_25)
FNDA:1,IsAvalable
FNDA:1,joinGame
FNDA:5,(anonymous_28)
FNDA:1,(anonymous_29)
FNDA:1,refreshGamePiece
FNDA:5,(anonymous_31)
DA:49,1
DA:55,1
DA:99,0
DA:130,1
DA:134,2
DA:135,2
DA:143,1
DA:153,0
DA:167,1
DA:168,2
DA:190,0
DA:219,1
DA:220,1
DA:223,1
DA:227,1
DA:228,1
DA:236,1
DA:249,1
LF:18
LH:15
BRDA:49,1,0,1
BRDA:49,1,1,0
BRDA:49,2,0,1
BRDA:49,2,1,0
BRDA:55,3,0,1
BRDA:55,3,1,0
BRDA:99,4,0,0
BRDA:99,4,1,0
BRDA:130,5,0,1
BRDA:130,5,1,0
BRDA:134,6,0,2
BRDA:134,6,1,0
BRDA:135,7,0,1
BRDA:135,7,1,1
BRDA:143,8,0,0
BRDA:143,8,1,1
BRDA:143,9,0,1
BRDA:143,9,1,1
BRDA:153,10,0,0
BRDA:153,10,1,0
BRDA:168,11,0,1
BRDA:168,11,1,1
BRDA:168,12,0,2
BRDA:168,12,1,1
BRDA:190,13,0,0
BRDA:190,13,1,0
BRDA:220,14,0,0
BRDA:220,14,1,1
BRDA:220,15,0,1
BRDA:220,15,1,0
BRDA:223,16,0,0
BRDA:223,16,1,1
BRDA:227,17,0,1
BRDA:227,17,1,0
BRDA:235,18,0,0
BRDA:235,18,1,1
BRDA:236,19,0,0
BRDA:236,19,1,1
BRDA:249,20,0,0
BRDA:249,20,1,1
BRF:40
BRH:21
end_of_record
TN:
SF:/Users/ldaubie/red_tetris/src/server/Class/Game.Class.js
FN:6,Game
FN:5,addPlayer
FN:5,addFirstPlayer
FN:5,removePlayer
FN:5,startGame
FN:5,restartGame
FN:5,addPiece
FN:5,get
FNF:8
FNH:8
FNDA:1,Game
FNDA:1,addPlayer
FNDA:1,addFirstPlayer
FNDA:2,removePlayer
FNDA:1,startGame
FNDA:1,restartGame
FNDA:3,addPiece
FNDA:26,get
DA:6,2
DA:15,1
DA:28,2
DA:41,3
LF:4
LH:4
BRDA:15,1,0,0
BRDA:15,1,1,1
BRDA:28,2,0,1
BRDA:28,2,1,1
BRDA:28,3,0,2
BRDA:28,3,1,2
BRF:6
BRH:5
end_of_record
TN:
SF:/Users/ldaubie/red_tetris/src/server/Class/Piece.Class.js
FN:70,Piece
FNF:1
FNH:1
FNDA:15,Piece
LF:0
LH:0
BRF:0
BRH:0
end_of_record
TN:
SF:/Users/ldaubie/red_tetris/src/server/Class/Players.Class.js
FN:4,Player
FN:3,addPiece
FN:19,(anonymous_8)
FNF:3
FNH:3
FNDA:2,Player
FNDA:2,addPiece
FNDA:10,(anonymous_8)
DA:4,2
DA:20,10
LF:2
LH:2
BRDA:20,1,0,2
BRDA:20,1,1,8
BRF:2
BRH:2
end_of_record
TN:
SF:/Users/ldaubie/red_tetris/src/server/index.js
FN:8,initApp
FN:10,handler
FN:12,(anonymous_4)
FN:25,(anonymous_5)
FN:31,initEngine
FN:32,(anonymous_7)
FN:38,create
FN:39,(anonymous_9)
FN:41,(anonymous_10)
FN:43,stop
FN:45,(anonymous_12)
FNF:11
FNH:9
FNDA:1,initApp
FNDA:0,handler
FNDA:0,(anonymous_4)
FNDA:1,(anonymous_5)
FNDA:1,initEngine
FNDA:1,(anonymous_7)
FNDA:1,create
FNDA:1,(anonymous_9)
FNDA:1,(anonymous_10)
FNDA:1,stop
FNDA:1,(anonymous_12)
DA:13,0
DA:38,2
LF:2
LH:1
BRDA:11,1,0,0
BRDA:11,1,1,0
BRDA:13,2,0,0
BRDA:13,2,1,0
BRF:4
BRH:0
end_of_record
TN:
SF:/Users/ldaubie/red_tetris/src/server/main.js
FNF:0
FNH:0
LF:0
LH:0
BRF:0
BRH:0
end_of_record
TN:
SF:/Users/ldaubie/red_tetris/src/server/utils.js
FN:1,getPersonneById
FN:4,(anonymous_2)
FNF:2
FNH:2
FNDA:6,getPersonneById
FNDA:8,(anonymous_2)
DA:5,8
LF:1
LH:1
BRDA:5,1,0,5
BRDA:5,1,1,3
BRF:2
BRH:2
end_of_record
