TN:
SF:/Users/ldaubie/red_tetris/src/client/actions/action.js
FN:1,addUser
FN:8,shareWinner
FN:16,loose
FN:24,restartGame
FN:30,joinGame
FN:38,inGame
FN:44,getAllRooms
FN:50,getEndLine
FN:59,sendMalus
FN:66,createTableX
FN:76,createTableY
FN:86,disconnected
FN:94,getCurrentPiece
FN:101,createGame
FN:109,getMorePiece
FN:116,getNextPiece
FN:123,move
FN:130,startGameServer
FN:137,initOtherTab
FN:146,initOtherTabForVisitor
FN:154,upScore
FNF:21
FNH:21
FNDA:1,addUser
FNDA:1,shareWinner
FNDA:2,loose
FNDA:1,restartGame
FNDA:2,joinGame
FNDA:1,inGame
FNDA:2,getAllRooms
FNDA:1,getEndLine
FNDA:1,sendMalus
FNDA:1,createTableX
FNDA:1,createTableY
FNDA:3,disconnected
FNDA:2,getCurrentPiece
FNDA:2,createGame
FNDA:3,getMorePiece
FNDA:1,getNextPiece
FNDA:1,move
FNDA:2,startGameServer
FNDA:1,initOtherTab
FNDA:1,initOtherTabForVisitor
FNDA:3,upScore
LF:0
LH:0
BRDA:94,1,0,2
BRDA:94,1,1,0
BRDA:94,2,0,2
BRDA:94,2,1,2
BRF:4
BRH:3
end_of_record
TN:
SF:/Users/ldaubie/red_tetris/src/client/components/App.js
FN:9,App
FNF:1
FNH:0
FNDA:0,App
LF:0
LH:0
BRF:0
BRH:0
end_of_record
TN:
SF:/Users/ldaubie/red_tetris/src/client/components/Buttons.js
FN:9,Button
FN:12,(anonymous_3)
FN:34,(anonymous_5)
FN:37,(anonymous_7)
FN:46,(anonymous_8)
FN:103,componentWillMount
FN:115,shouldComponentUpdate
FNF:7
FNH:0
FNDA:0,Button
FNDA:0,(anonymous_3)
FNDA:0,(anonymous_5)
FNDA:0,(anonymous_7)
FNDA:0,(anonymous_8)
FNDA:0,componentWillMount
FNDA:0,shouldComponentUpdate
DA:13,0
DA:41,0
DA:42,0
DA:47,0
DA:51,0
DA:57,0
DA:68,0
DA:105,0
DA:108,0
DA:110,0
DA:116,0
DA:118,0
DA:122,0
DA:125,0
DA:128,0
LF:15
LH:0
BRDA:13,1,0,0
BRDA:13,1,1,0
BRDA:14,2,0,0
BRDA:14,2,1,0
BRDA:16,3,0,0
BRDA:16,3,1,0
BRDA:16,3,2,0
BRDA:16,3,3,0
BRDA:16,3,4,0
BRDA:41,4,0,0
BRDA:41,4,1,0
BRDA:41,5,0,0
BRDA:41,5,1,0
BRDA:47,6,0,0
BRDA:47,6,1,0
BRDA:51,7,0,0
BRDA:51,7,1,0
BRDA:57,8,0,0
BRDA:57,8,1,0
BRDA:68,9,0,0
BRDA:68,9,1,0
BRDA:105,10,0,0
BRDA:105,10,1,0
BRDA:108,11,0,0
BRDA:108,11,1,0
BRDA:108,12,0,0
BRDA:108,12,1,0
BRDA:110,13,0,0
BRDA:110,13,1,0
BRDA:110,14,0,0
BRDA:110,14,1,0
BRDA:116,15,0,0
BRDA:116,15,1,0
BRDA:116,16,0,0
BRDA:116,16,1,0
BRDA:116,16,2,0
BRDA:118,17,0,0
BRDA:118,17,1,0
BRDA:118,18,0,0
BRDA:118,18,1,0
BRDA:118,18,2,0
BRDA:122,19,0,0
BRDA:122,19,1,0
BRDA:122,20,0,0
BRDA:122,20,1,0
BRDA:125,21,0,0
BRDA:125,21,1,0
BRDA:128,22,0,0
BRDA:128,22,1,0
BRDA:128,23,0,0
BRDA:128,23,1,0
BRF:51
BRH:0
end_of_record
TN:
SF:/Users/ldaubie/red_tetris/src/client/components/Cell.js
FN:4,Cell
FN:10,(anonymous_3)
FNF:2
FNH:2
FNDA:3,Cell
FNDA:12,(anonymous_3)
DA:8,3
DA:9,3
DA:11,12
DA:47,3
DA:48,12
DA:52,3
DA:54,2
LF:7
LH:7
BRDA:8,1,0,3
BRDA:8,1,1,0
BRDA:9,2,0,3
BRDA:9,2,1,0
BRDA:11,3,0,1
BRDA:11,3,1,11
BRDA:11,4,0,12
BRDA:11,4,1,2
BRDA:20,5,0,1
BRDA:20,5,1,1
BRDA:20,5,2,1
BRDA:20,5,3,0
BRDA:20,5,4,0
BRDA:20,5,5,0
BRDA:20,5,6,0
BRDA:20,5,7,0
BRDA:20,5,8,0
BRDA:48,6,0,1
BRDA:48,6,1,11
BRDA:48,7,0,12
BRDA:48,7,1,1
BRDA:52,8,0,1
BRDA:52,8,1,2
BRDA:54,9,0,1
BRDA:54,9,1,1
BRF:25
BRH:17
end_of_record
TN:
SF:/Users/ldaubie/red_tetris/src/client/components/OtherPlayerBoard.js
FN:4,OtherPlayerBoard
FNF:1
FNH:1
FNDA:2,OtherPlayerBoard
DA:6,2
DA:7,1
DA:8,1
DA:9,1
LF:4
LH:4
BRDA:6,1,0,1
BRDA:6,1,1,1
BRDA:8,2,0,1
BRDA:8,2,1,0
BRF:4
BRH:3
end_of_record
TN:
SF:/Users/ldaubie/red_tetris/src/client/components/OtherPlayerCell.js
FN:3,OtherPlayerCell
FNF:1
FNH:1
FNDA:2,OtherPlayerCell
DA:7,2
DA:8,1
DA:12,2
LF:3
LH:3
BRDA:8,1,0,1
BRDA:8,1,1,0
BRDA:8,2,0,1
BRDA:8,2,1,1
BRDA:12,3,0,1
BRDA:12,3,1,1
BRF:6
BRH:5
end_of_record
TN:
SF:/Users/ldaubie/red_tetris/src/client/components/OtherTable.js
FN:6,OtherTable
FNF:1
FNH:1
FNDA:1,OtherTable
DA:10,1
DA:13,1
LF:2
LH:2
BRF:0
BRH:0
end_of_record
TN:
SF:/Users/ldaubie/red_tetris/src/client/containers/ButtonContainer.js
FN:17,mapStateToProps
FN:37,mapDispatchToProps
FN:39,joinGame
FN:56,startMove
FN:60,(anonymous_6)
FN:67,(anonymous_7)
FN:88,startMove_2
FN:93,KeyDown
FN:103,SpaceDown
FN:115,createPiece
FN:121,shareEndLine
FN:128,disconnected
FN:134,getUserInGame
FN:139,initOtherTab
FN:147,restartGame
FN:151,refreshInterval
FNF:16
FNH:0
FNDA:0,mapStateToProps
FNDA:0,mapDispatchToProps
FNDA:0,joinGame
FNDA:0,startMove
FNDA:0,(anonymous_6)
FNDA:0,(anonymous_7)
FNDA:0,startMove_2
FNDA:0,KeyDown
FNDA:0,SpaceDown
FNDA:0,createPiece
FNDA:0,shareEndLine
FNDA:0,disconnected
FNDA:0,getUserInGame
FNDA:0,initOtherTab
FNDA:0,restartGame
FNDA:0,refreshInterval
DA:42,0
DA:46,0
DA:47,0
DA:51,0
DA:66,0
DA:75,0
DA:96,0
DA:98,0
LF:8
LH:0
BRDA:46,1,0,0
BRDA:46,1,1,0
BRDA:66,2,0,0
BRDA:66,2,1,0
BRDA:75,3,0,0
BRDA:75,3,1,0
BRDA:96,4,0,0
BRDA:96,4,1,0
BRDA:98,5,0,0
BRDA:98,5,1,0
BRF:10
BRH:0
end_of_record
TN:
SF:/Users/ldaubie/red_tetris/src/client/containers/OtherTabContainer.js
FN:6,mapStateToProps
FN:14,mapDispatchToProps
FNF:2
FNH:0
FNDA:0,mapStateToProps
FNDA:0,mapDispatchToProps
LF:0
LH:0
BRF:0
BRH:0
end_of_record
TN:
SF:/Users/ldaubie/red_tetris/src/client/index.js
FNF:0
FNH:0
LF:0
LH:0
BRDA:15,1,0,0
BRDA:15,1,1,0
BRF:2
BRH:0
end_of_record
TN:
SF:/Users/ldaubie/red_tetris/src/client/middleware/socketMiddleware.js
FN:2,(anonymous_2)
FN:7,(anonymous_4)
FNF:2
FNH:2
FNDA:9,(anonymous_2)
FNDA:109,(anonymous_4)
DA:3,9
DA:8,109
LF:2
LH:2
BRDA:3,1,0,9
BRDA:3,1,1,0
BRDA:8,2,0,9
BRDA:8,2,1,100
BRDA:8,3,0,109
BRDA:8,3,1,109
BRDA:8,3,2,109
BRF:7
BRH:6
end_of_record
TN:
SF:/Users/ldaubie/red_tetris/src/client/reducers/Action.js
FNF:0
FNH:0
LF:0
LH:0
BRF:0
BRH:0
end_of_record
TN:
SF:/Users/ldaubie/red_tetris/src/client/reducers/ButtonReducer.js
FN:33,(anonymous_1)
FN:56,(anonymous_14)
FN:57,(anonymous_15)
FN:60,(anonymous_16)
FN:62,(anonymous_17)
FNF:5
FNH:4
FNDA:135,(anonymous_1)
FNDA:1,(anonymous_14)
FNDA:0,(anonymous_15)
FNDA:1,(anonymous_16)
FNDA:1,(anonymous_17)
LF:0
LH:0
BRDA:33,1,0,124
BRDA:33,1,1,11
BRDA:33,2,0,135
BRDA:33,2,1,135
BRDA:35,3,0,1
BRDA:35,3,1,1
BRDA:35,3,2,8
BRDA:35,3,3,1
BRDA:35,3,4,1
BRDA:35,3,5,18
BRDA:35,3,6,10
BRDA:35,3,7,12
BRDA:35,3,8,1
BRDA:35,3,9,9
BRDA:35,3,10,1
BRDA:35,3,11,18
BRDA:35,3,12,13
BRDA:35,3,13,8
BRDA:35,3,14,1
BRDA:35,3,15,32
BRF:20
BRH:20
end_of_record
TN:
SF:/Users/ldaubie/red_tetris/src/client/reducers/OtherTableReducer.js
FN:5,(anonymous_1)
FN:8,(anonymous_2)
FN:9,(anonymous_3)
FN:18,(anonymous_4)
FN:19,(anonymous_5)
FN:24,(anonymous_6)
FN:25,(anonymous_7)
FNF:7
FNH:7
FNDA:127,(anonymous_1)
FNDA:1,(anonymous_2)
FNDA:1,(anonymous_3)
FNDA:1,(anonymous_4)
FNDA:1,(anonymous_5)
FNDA:2,(anonymous_6)
FNDA:1,(anonymous_7)
DA:10,1
DA:26,1
LF:2
LH:2
BRDA:5,1,0,116
BRDA:5,1,1,11
BRDA:5,2,0,127
BRDA:5,2,1,127
BRDA:7,3,0,1
BRDA:7,3,1,1
BRDA:7,3,2,2
BRDA:7,3,3,7
BRDA:7,3,4,1
BRDA:7,3,5,115
BRDA:10,4,0,1
BRDA:10,4,1,0
BRDA:26,5,0,1
BRDA:26,5,1,0
BRF:14
BRH:12
end_of_record
TN:
SF:/Users/ldaubie/red_tetris/src/client/styles.js
FNF:0
FNH:0
LF:0
LH:0
BRF:0
BRH:0
end_of_record
TN:
SF:/Users/ldaubie/red_tetris/src/client/utils.js
FN:3,getLowerCoord
FN:6,(anonymous_2)
FN:14,getLowerDist
FN:16,(anonymous_4)
FN:28,getMoove
FN:33,(anonymous_6)
FN:39,(anonymous_7)
FN:50,(anonymous_8)
FN:59,calculDown
FN:64,(anonymous_10)
FN:70,(anonymous_11)
FN:79,isLoose
FN:82,(anonymous_13)
FN:94,getNewEndLine
FN:98,(anonymous_16)
FN:109,(anonymous_17)
FN:112,(anonymous_18)
FN:123,getSideBlock
FN:125,(anonymous_20)
FN:139,getDecale
FN:180,calculeRotate
FN:206,isPossible
FN:215,(anonymous_24)
FN:216,(anonymous_25)
FN:225,(anonymous_26)
FN:226,(anonymous_27)
FN:237,(anonymous_28)
FN:247,getNewPiece
FNF:28
FNH:26
FNDA:2,getLowerCoord
FNDA:8,(anonymous_2)
FNDA:5,getLowerDist
FNDA:20,(anonymous_4)
FNDA:1,getMoove
FNDA:4,(anonymous_6)
FNDA:0,(anonymous_7)
FNDA:0,(anonymous_8)
FNDA:1,calculDown
FNDA:4,(anonymous_10)
FNDA:4,(anonymous_11)
FNDA:2,isLoose
FNDA:4,(anonymous_13)
FNDA:4,getNewEndLine
FNDA:64,(anonymous_16)
FNDA:21,(anonymous_17)
FNDA:1,(anonymous_18)
FNDA:22,getSideBlock
FNDA:34,(anonymous_20)
FNDA:18,getDecale
FNDA:2,calculeRotate
FNDA:3,isPossible
FNDA:4,(anonymous_24)
FNDA:16,(anonymous_25)
FNDA:4,(anonymous_26)
FNDA:16,(anonymous_27)
FNDA:4,(anonymous_28)
FNDA:1,getNewPiece
DA:7,8
DA:18,20
DA:19,2
DA:66,4
DA:83,4
DA:87,2
DA:88,1
DA:97,4
DA:99,64
DA:102,11
DA:104,2
DA:113,1
DA:126,34
DA:128,29
DA:130,25
DA:132,23
DA:145,14
DA:148,13
DA:151,11
DA:154,9
DA:156,8
DA:158,6
DA:160,4
DA:162,2
DA:166,5
DA:169,4
DA:171,3
DA:173,2
DA:183,2
DA:187,1
DA:188,4
DA:210,3
DA:217,16
DA:219,16
DA:227,16
DA:229,16
DA:238,4
DA:240,4
DA:250,1
LF:39
LH:39
BRDA:7,1,0,2
BRDA:7,1,1,6
BRDA:18,2,0,2
BRDA:18,2,1,18
BRDA:18,3,0,20
BRDA:18,3,1,2
BRDA:19,4,0,1
BRDA:19,4,1,1
BRDA:32,5,0,1
BRDA:32,5,1,0
BRDA:32,5,2,0
BRDA:32,5,3,0
BRDA:66,6,0,0
BRDA:66,6,1,4
BRDA:83,7,0,1
BRDA:83,7,1,3
BRDA:87,8,0,1
BRDA:87,8,1,1
BRDA:99,9,0,48
BRDA:99,9,1,16
BRDA:102,10,0,2
BRDA:102,10,1,9
BRDA:104,11,0,0
BRDA:104,11,1,2
BRDA:113,12,0,1
BRDA:113,12,1,0
BRDA:126,13,0,5
BRDA:126,13,1,29
BRDA:126,14,0,34
BRDA:126,14,1,13
BRDA:128,15,0,4
BRDA:128,15,1,25
BRDA:128,16,0,29
BRDA:128,16,1,11
BRDA:130,17,0,2
BRDA:130,17,1,23
BRDA:130,18,0,25
BRDA:130,18,1,5
BRDA:130,18,2,2
BRDA:132,19,0,2
BRDA:132,19,1,21
BRDA:132,20,0,23
BRDA:132,20,1,5
BRDA:132,20,2,2
BRDA:143,21,0,14
BRDA:143,21,1,5
BRDA:145,22,0,1
BRDA:145,22,1,13
BRDA:145,23,0,14
BRDA:145,23,1,2
BRDA:148,24,0,2
BRDA:148,24,1,11
BRDA:148,25,0,13
BRDA:148,25,1,1
BRDA:148,25,2,12
BRDA:148,25,3,1
BRDA:151,26,0,2
BRDA:151,26,1,9
BRDA:151,27,0,11
BRDA:151,27,1,2
BRDA:151,27,2,10
BRDA:151,27,3,1
BRDA:154,28,0,1
BRDA:154,28,1,8
BRDA:154,29,0,9
BRDA:154,29,1,1
BRDA:156,30,0,2
BRDA:156,30,1,6
BRDA:156,31,0,8
BRDA:156,31,1,3
BRDA:156,31,2,2
BRDA:158,32,0,2
BRDA:158,32,1,4
BRDA:158,33,0,6
BRDA:158,33,1,1
BRDA:158,33,2,5
BRDA:158,33,3,1
BRDA:158,33,4,1
BRDA:160,34,0,2
BRDA:160,34,1,2
BRDA:160,35,0,4
BRDA:160,35,1,2
BRDA:160,35,2,3
BRDA:160,35,3,1
BRDA:160,35,4,1
BRDA:162,36,0,1
BRDA:162,36,1,1
BRDA:162,37,0,2
BRDA:162,37,1,1
BRDA:162,37,2,1
BRDA:166,38,0,1
BRDA:166,38,1,4
BRDA:169,39,0,1
BRDA:169,39,1,3
BRDA:171,40,0,1
BRDA:171,40,1,2
BRDA:171,41,0,3
BRDA:171,41,1,1
BRDA:173,42,0,1
BRDA:173,42,1,1
BRDA:173,43,0,2
BRDA:173,43,1,1
BRDA:183,44,0,1
BRDA:183,44,1,1
BRDA:188,45,0,3
BRDA:188,45,1,1
BRDA:210,46,0,2
BRDA:210,46,1,1
BRDA:212,47,0,1
BRDA:212,47,1,1
BRDA:217,48,0,3
BRDA:217,48,1,13
BRDA:217,49,0,16
BRDA:217,49,1,16
BRDA:217,49,2,13
BRDA:219,50,0,0
BRDA:219,50,1,16
BRDA:219,51,0,16
BRDA:219,51,1,16
BRDA:227,52,0,4
BRDA:227,52,1,12
BRDA:227,53,0,16
BRDA:227,53,1,16
BRDA:229,54,0,0
BRDA:229,54,1,16
BRDA:229,55,0,16
BRDA:229,55,1,16
BRDA:238,56,0,0
BRDA:238,56,1,4
BRDA:240,57,0,0
BRDA:240,57,1,4
BRDA:240,58,0,4
BRDA:240,58,1,4
BRDA:250,59,0,1
BRDA:250,59,1,0
BRF:135
BRH:124
end_of_record
TN:
SF:/Users/ldaubie/red_tetris/src/server/action.js
FN:6,(anonymous_1)
FN:7,(anonymous_2)
FN:9,(anonymous_3)
FN:17,(anonymous_4)
FN:22,(anonymous_5)
FN:34,(anonymous_6)
FN:50,(anonymous_7)
FN:58,(anonymous_8)
FN:61,(anonymous_9)
FN:79,(anonymous_10)
FN:84,(anonymous_11)
FN:87,(anonymous_12)
FN:91,(anonymous_13)
FN:95,(anonymous_14)
FN:108,(anonymous_15)
FN:116,(anonymous_16)
FN:118,(anonymous_17)
FN:128,(anonymous_18)
FN:135,(anonymous_19)
FN:152,(anonymous_20)
FN:174,(anonymous_22)
FN:181,checkIfLastLooser
FN:193,startGame
FN:200,(anonymous_25)
FN:212,getPlayerById
FN:215,(anonymous_27)
FN:231,startNewGame
FN:236,(anonymous_29)
FN:240,(anonymous_30)
FN:262,IsAvalable
FN:283,joinGame
FN:294,(anonymous_33)
FN:299,(anonymous_34)
FN:326,refreshGamePiece
FN:330,(anonymous_36)
FNF:35
FNH:23
FNDA:1,(anonymous_1)
FNDA:1,(anonymous_2)
FNDA:0,(anonymous_3)
FNDA:1,(anonymous_4)
FNDA:2,(anonymous_5)
FNDA:5,(anonymous_6)
FNDA:0,(anonymous_7)
FNDA:0,(anonymous_8)
FNDA:1,(anonymous_9)
FNDA:1,(anonymous_10)
FNDA:1,(anonymous_11)
FNDA:1,(anonymous_12)
FNDA:1,(anonymous_13)
FNDA:0,(anonymous_14)
FNDA:0,(anonymous_15)
FNDA:0,(anonymous_16)
FNDA:0,(anonymous_17)
FNDA:0,(anonymous_18)
FNDA:2,(anonymous_19)
FNDA:1,(anonymous_20)
FNDA:0,(anonymous_22)
FNDA:1,checkIfLastLooser
FNDA:1,startGame
FNDA:0,(anonymous_25)
FNDA:0,getPlayerById
FNDA:0,(anonymous_27)
FNDA:1,startNewGame
FNDA:5,(anonymous_29)
FNDA:1,(anonymous_30)
FNDA:1,IsAvalable
FNDA:1,joinGame
FNDA:5,(anonymous_33)
FNDA:1,(anonymous_34)
FNDA:1,refreshGamePiece
FNDA:5,(anonymous_36)
DA:67,1
DA:74,1
DA:119,0
DA:153,1
DA:157,2
DA:158,2
DA:170,0
DA:184,1
DA:185,2
DA:216,0
DA:264,1
DA:268,1
DA:271,1
DA:276,1
DA:277,1
DA:285,1
LF:16
LH:13
BRDA:67,1,0,1
BRDA:67,1,1,0
BRDA:67,2,0,1
BRDA:67,2,1,0
BRDA:74,3,0,1
BRDA:74,3,1,0
BRDA:119,4,0,0
BRDA:119,4,1,0
BRDA:153,5,0,1
BRDA:153,5,1,0
BRDA:157,6,0,2
BRDA:157,6,1,0
BRDA:158,7,0,1
BRDA:158,7,1,1
BRDA:170,8,0,0
BRDA:170,8,1,0
BRDA:185,9,0,1
BRDA:185,9,1,1
BRDA:185,10,0,2
BRDA:185,10,1,1
BRDA:216,11,0,0
BRDA:216,11,1,0
BRDA:268,12,0,0
BRDA:268,12,1,1
BRDA:268,13,0,1
BRDA:268,13,1,0
BRDA:271,14,0,0
BRDA:271,14,1,1
BRDA:276,15,0,1
BRDA:276,15,1,0
BRDA:284,16,0,0
BRDA:284,16,1,1
BRDA:285,17,0,0
BRDA:285,17,1,1
BRF:34
BRH:17
end_of_record
TN:
SF:/Users/ldaubie/red_tetris/src/server/Class/Game.Class.js
FN:16,Game
FN:15,addPlayer
FN:15,addFirstPlayer
FN:15,removePlayer
FN:15,startGame
FN:15,restartGame
FN:15,addPiece
FN:15,get
FNF:8
FNH:8
FNDA:1,Game
FNDA:1,addPlayer
FNDA:1,addFirstPlayer
FNDA:2,removePlayer
FNDA:1,startGame
FNDA:1,restartGame
FNDA:3,addPiece
FNDA:27,get
DA:16,2
DA:26,1
DA:41,2
DA:54,3
LF:4
LH:4
BRDA:26,1,0,0
BRDA:26,1,1,1
BRDA:41,2,0,1
BRDA:41,2,1,1
BRDA:41,3,0,2
BRDA:41,3,1,2
BRF:6
BRH:5
end_of_record
TN:
SF:/Users/ldaubie/red_tetris/src/server/Class/Piece.Class.js
FN:70,Piece
FNF:1
FNH:1
FNDA:15,Piece
LF:0
LH:0
BRF:0
BRH:0
end_of_record
TN:
SF:/Users/ldaubie/red_tetris/src/server/Class/Players.Class.js
FN:4,Player
FN:3,addPiece
FN:21,(anonymous_8)
FNF:3
FNH:3
FNDA:2,Player
FNDA:2,addPiece
FNDA:10,(anonymous_8)
DA:4,2
DA:22,10
LF:2
LH:2
BRDA:22,1,0,2
BRDA:22,1,1,8
BRF:2
BRH:2
end_of_record
TN:
SF:/Users/ldaubie/red_tetris/src/server/index.js
FN:8,initApp
FN:10,handler
FN:12,(anonymous_4)
FN:25,(anonymous_5)
FN:31,initEngine
FN:32,(anonymous_7)
FN:38,create
FN:39,(anonymous_9)
FN:41,(anonymous_10)
FN:43,stop
FN:45,(anonymous_12)
FNF:11
FNH:9
FNDA:1,initApp
FNDA:0,handler
FNDA:0,(anonymous_4)
FNDA:1,(anonymous_5)
FNDA:1,initEngine
FNDA:1,(anonymous_7)
FNDA:1,create
FNDA:1,(anonymous_9)
FNDA:1,(anonymous_10)
FNDA:1,stop
FNDA:1,(anonymous_12)
DA:13,0
DA:38,2
LF:2
LH:1
BRDA:11,1,0,0
BRDA:11,1,1,0
BRDA:13,2,0,0
BRDA:13,2,1,0
BRF:4
BRH:0
end_of_record
TN:
SF:/Users/ldaubie/red_tetris/src/server/main.js
FNF:0
FNH:0
LF:0
LH:0
BRF:0
BRH:0
end_of_record
TN:
SF:/Users/ldaubie/red_tetris/src/server/utils.js
FN:1,getPersonneById
FN:4,(anonymous_2)
FNF:2
FNH:2
FNDA:6,getPersonneById
FNDA:8,(anonymous_2)
DA:5,8
LF:1
LH:1
BRDA:5,1,0,5
BRDA:5,1,1,3
BRF:2
BRH:2
end_of_record
